2024-06-24 18:08:06,499 p=3444395 u=upszot n=ansible | [WARNING]: A duplicate localhost-like entry was found (localhost). First found localhost was 127.0.0.1

2024-06-24 18:08:06,598 p=3444395 u=upszot n=ansible | PLAY [all] **********************************************************************************************************************************************************************************************************************************
2024-06-24 18:08:06,609 p=3444395 u=upszot n=ansible | TASK [Gathering Facts] **********************************************************************************************************************************************************************************************************************
2024-06-24 18:08:07,746 p=3444395 u=upszot n=ansible | ok: [localhost]
2024-06-24 18:08:07,775 p=3444395 u=upszot n=ansible | TASK [include_role : 2do_parcial] ***********************************************************************************************************************************************************************************************************
2024-06-24 18:08:07,805 p=3444395 u=upszot n=ansible | TASK [2do_parcial : debug] ******************************************************************************************************************************************************************************************************************
2024-06-24 18:08:07,817 p=3444395 u=upszot n=ansible | ok: [localhost] => {
    "msg": "Tareas del 2do Parcial"
}
2024-06-24 18:08:07,836 p=3444395 u=upszot n=ansible | TASK [Otra tarea] ***************************************************************************************************************************************************************************************************************************
2024-06-24 18:08:07,851 p=3444395 u=upszot n=ansible | ok: [localhost] => {
    "msg": "Despues de la ejecucion del rol"
}
2024-06-24 18:08:07,885 p=3444395 u=upszot n=ansible | PLAY RECAP **********************************************************************************************************************************************************************************************************************************
2024-06-24 18:08:07,885 p=3444395 u=upszot n=ansible | localhost                  : ok=3    changed=0    unreachable=0    failed=0    skipped=0    rescued=0    ignored=0   
2024-11-18 23:42:58,587 p=3621 u=anahi n=ansible | [WARNING]: A duplicate localhost-like entry was found (localhost). First found localhost was 127.0.0.1

2024-11-18 23:42:59,458 p=3621 u=anahi n=ansible | PLAY [all] ***************************************************************************************************
2024-11-18 23:42:59,506 p=3621 u=anahi n=ansible | TASK [Gathering Facts] ***************************************************************************************
2024-11-18 23:42:59,865 p=3621 u=anahi n=ansible | fatal: [127.0.0.1]: UNREACHABLE! => {"changed": false, "msg": "Failed to connect to the host via ssh: Warning: Permanently added '127.0.0.1' (ED25519) to the list of known hosts.\r\nanahi@127.0.0.1: Permission denied (publickey).", "unreachable": true}
2024-11-18 23:43:02,446 p=3621 u=anahi n=ansible | ok: [localhost]
2024-11-18 23:43:02,465 p=3621 u=anahi n=ansible | TASK [include_role : 2do_parcial] ****************************************************************************
2024-11-18 23:43:02,510 p=3621 u=anahi n=ansible | TASK [2do_parcial : debug] ***********************************************************************************
2024-11-18 23:43:02,529 p=3621 u=anahi n=ansible | ok: [localhost] => {
    "msg": "Tareas del 2do Parcial"
}
2024-11-18 23:43:02,539 p=3621 u=anahi n=ansible | TASK [Otra tarea] ********************************************************************************************
2024-11-18 23:43:02,558 p=3621 u=anahi n=ansible | ok: [localhost] => {
    "msg": "Despues de la ejecucion del rol"
}
2024-11-18 23:43:02,578 p=3621 u=anahi n=ansible | PLAY RECAP ***************************************************************************************************
2024-11-18 23:43:02,580 p=3621 u=anahi n=ansible | 127.0.0.1                  : ok=0    changed=0    unreachable=1    failed=0    skipped=0    rescued=0    ignored=0   
2024-11-18 23:43:02,582 p=3621 u=anahi n=ansible | localhost                  : ok=3    changed=0    unreachable=0    failed=0    skipped=0    rescued=0    ignored=0   
